{"/Users/viktoria/studying/taskle/taskle/src/App.tsx": {"path":"/Users/viktoria/studying/taskle/taskle/src/App.tsx","statementMap":{"0":{"start":{"line":1,"column":0},"end":{"line":1,"column":63}},"1":{"start":{"line":2,"column":0},"end":{"line":2,"column":64}},"2":{"start":{"line":3,"column":0},"end":{"line":3,"column":41}},"3":{"start":{"line":4,"column":0},"end":{"line":4,"column":50}},"4":{"start":{"line":5,"column":0},"end":{"line":5,"column":40}},"5":{"start":{"line":8,"column":28},"end":{"line":8,"column":37}},"6":{"start":{"line":10,"column":2},"end":{"line":10,"column":null}},"7":{"start":{"line":10,"column":15},"end":{"line":10,"column":null}},"8":{"start":{"line":11,"column":2},"end":{"line":11,"column":null}},"9":{"start":{"line":15,"column":2},"end":{"line":23,"column":null}},"10":{"start":{"line":26,"column":0},"end":{"line":26,"column":null}}},"fnMap":{"0":{"name":"Home","decl":{"start":{"line":7,"column":9},"end":{"line":7,"column":13}},"loc":{"start":{"line":7,"column":13},"end":{"line":12,"column":1}}},"1":{"name":"App","decl":{"start":{"line":14,"column":9},"end":{"line":14,"column":12}},"loc":{"start":{"line":14,"column":12},"end":{"line":24,"column":1}}}},"branchMap":{"0":{"loc":{"start":{"line":10,"column":2},"end":{"line":10,"column":null}},"type":"if","locations":[{"start":{"line":10,"column":2},"end":{"line":10,"column":null}},{"start":{},"end":{}}]},"1":{"loc":{"start":{"line":11,"column":9},"end":{"line":11,"column":66}},"type":"cond-expr","locations":[{"start":{"line":11,"column":16},"end":{"line":11,"column":41}},{"start":{"line":11,"column":44},"end":{"line":11,"column":66}}]}},"s":{"0":0,"1":0,"2":0,"3":0,"4":0,"5":0,"6":0,"7":0,"8":0,"9":0,"10":0},"f":{"0":0,"1":0},"b":{"0":[0,0],"1":[0,0]}}
,"/Users/viktoria/studying/taskle/taskle/src/main.tsx": {"path":"/Users/viktoria/studying/taskle/taskle/src/main.tsx","statementMap":{"0":{"start":{"line":1,"column":0},"end":{"line":1,"column":34}},"1":{"start":{"line":2,"column":0},"end":{"line":2,"column":45}},"2":{"start":{"line":3,"column":0},"end":{"line":3,"column":20}},"3":{"start":{"line":4,"column":0},"end":{"line":4,"column":23}},"4":{"start":{"line":5,"column":0},"end":{"line":5,"column":52}},"5":{"start":{"line":7,"column":0},"end":{"line":13,"column":null}}},"fnMap":{},"branchMap":{},"s":{"0":0,"1":0,"2":0,"3":0,"4":0,"5":0},"f":{},"b":{}}
,"/Users/viktoria/studying/taskle/taskle/src/components/dashboard.tsx": {"path":"/Users/viktoria/studying/taskle/taskle/src/components/dashboard.tsx","statementMap":{"0":{"start":{"line":7,"column":0},"end":{"line":7,"column":16}},"1":{"start":{"line":2,"column":0},"end":{"line":2,"column":42}},"2":{"start":{"line":8,"column":21},"end":{"line":8,"column":30}},"3":{"start":{"line":10,"column":2},"end":{"line":16,"column":null}}},"fnMap":{"0":{"name":"Dashboard","decl":{"start":{"line":7,"column":16},"end":{"line":7,"column":25}},"loc":{"start":{"line":7,"column":50},"end":{"line":17,"column":1}}}},"branchMap":{},"s":{"0":0,"1":0,"2":0,"3":0},"f":{"0":0},"b":{}}
,"/Users/viktoria/studying/taskle/taskle/src/components/inputError.tsx": {"path":"/Users/viktoria/studying/taskle/taskle/src/components/inputError.tsx","statementMap":{"0":{"start":{"line":1,"column":0},"end":{"line":1,"column":24}},"1":{"start":{"line":6,"column":2},"end":{"line":6,"column":null}},"2":{"start":{"line":6,"column":21},"end":{"line":6,"column":null}},"3":{"start":{"line":7,"column":2},"end":{"line":11,"column":null}}},"fnMap":{"0":{"name":"InputError","decl":{"start":{"line":1,"column":24},"end":{"line":1,"column":34}},"loc":{"start":{"line":5,"column":1},"end":{"line":12,"column":1}}}},"branchMap":{"0":{"loc":{"start":{"line":6,"column":2},"end":{"line":6,"column":null}},"type":"if","locations":[{"start":{"line":6,"column":2},"end":{"line":6,"column":null}},{"start":{},"end":{}}]}},"s":{"0":0,"1":0,"2":0,"3":0},"f":{"0":0},"b":{"0":[0,0]}}
,"/Users/viktoria/studying/taskle/taskle/src/components/inputField.tsx": {"path":"/Users/viktoria/studying/taskle/taskle/src/components/inputField.tsx","statementMap":{"0":{"start":{"line":1,"column":0},"end":{"line":1,"column":55}},"1":{"start":{"line":2,"column":0},"end":{"line":2,"column":43}},"2":{"start":{"line":3,"column":0},"end":{"line":3,"column":39}},"3":{"start":{"line":4,"column":0},"end":{"line":4,"column":33}},"4":{"start":{"line":5,"column":0},"end":{"line":5,"column":37}},"5":{"start":{"line":15,"column":19},"end":{"line":75,"column":null}},"6":{"start":{"line":17,"column":44},"end":{"line":17,"column":59}},"7":{"start":{"line":18,"column":30},"end":{"line":18,"column":45}},"8":{"start":{"line":20,"column":4},"end":{"line":26,"column":null}},"9":{"start":{"line":21,"column":6},"end":{"line":25,"column":7}},"10":{"start":{"line":22,"column":8},"end":{"line":22,"column":null}},"11":{"start":{"line":23,"column":24},"end":{"line":23,"column":62}},"12":{"start":{"line":23,"column":41},"end":{"line":23,"column":56}},"13":{"start":{"line":24,"column":8},"end":{"line":24,"column":null}},"14":{"start":{"line":24,"column":21},"end":{"line":24,"column":42}},"15":{"start":{"line":28,"column":27},"end":{"line":30,"column":65}},"16":{"start":{"line":32,"column":4},"end":{"line":58,"column":null}},"17":{"start":{"line":33,"column":6},"end":{"line":58,"column":null}},"18":{"start":{"line":41,"column":31},"end":{"line":41,"column":55}},"19":{"start":{"line":51,"column":29},"end":{"line":51,"column":59}},"20":{"start":{"line":60,"column":4},"end":{"line":74,"column":null}},"21":{"start":{"line":67,"column":27},"end":{"line":67,"column":51}},"22":{"start":{"line":78,"column":0},"end":{"line":78,"column":null}}},"fnMap":{"0":{"name":"(anonymous_0)","decl":{"start":{"line":16,"column":2},"end":{"line":16,"column":3}},"loc":{"start":{"line":16,"column":76},"end":{"line":75,"column":3}}},"1":{"name":"(anonymous_1)","decl":{"start":{"line":20,"column":14},"end":{"line":20,"column":17}},"loc":{"start":{"line":20,"column":19},"end":{"line":26,"column":5}}},"2":{"name":"(anonymous_2)","decl":{"start":{"line":23,"column":35},"end":{"line":23,"column":38}},"loc":{"start":{"line":23,"column":41},"end":{"line":23,"column":56}}},"3":{"name":"(anonymous_3)","decl":{"start":{"line":24,"column":15},"end":{"line":24,"column":18}},"loc":{"start":{"line":24,"column":21},"end":{"line":24,"column":42}}},"4":{"name":"(anonymous_4)","decl":{"start":{"line":41,"column":24},"end":{"line":41,"column":25}},"loc":{"start":{"line":41,"column":31},"end":{"line":41,"column":55}}},"5":{"name":"(anonymous_5)","decl":{"start":{"line":51,"column":23},"end":{"line":51,"column":26}},"loc":{"start":{"line":51,"column":29},"end":{"line":51,"column":59}}},"6":{"name":"(anonymous_6)","decl":{"start":{"line":67,"column":20},"end":{"line":67,"column":21}},"loc":{"start":{"line":67,"column":27},"end":{"line":67,"column":51}}}},"branchMap":{"0":{"loc":{"start":{"line":21,"column":6},"end":{"line":25,"column":7}},"type":"if","locations":[{"start":{"line":21,"column":6},"end":{"line":25,"column":7}},{"start":{},"end":{}}]},"1":{"loc":{"start":{"line":29,"column":6},"end":{"line":29,"column":null}},"type":"cond-expr","locations":[{"start":{"line":29,"column":28},"end":{"line":29,"column":48}},{"start":{"line":29,"column":51},"end":{"line":29,"column":null}}]},"2":{"loc":{"start":{"line":30,"column":8},"end":{"line":30,"column":39}},"type":"cond-expr","locations":[{"start":{"line":30,"column":23},"end":{"line":30,"column":34}},{"start":{"line":30,"column":37},"end":{"line":30,"column":39}}]},"3":{"loc":{"start":{"line":30,"column":43},"end":{"line":30,"column":63}},"type":"cond-expr","locations":[{"start":{"line":30,"column":51},"end":{"line":30,"column":58}},{"start":{"line":30,"column":61},"end":{"line":30,"column":63}}]},"4":{"loc":{"start":{"line":32,"column":4},"end":{"line":58,"column":null}},"type":"if","locations":[{"start":{"line":32,"column":4},"end":{"line":58,"column":null}},{"start":{},"end":{}}]},"5":{"loc":{"start":{"line":38,"column":20},"end":{"line":38,"column":54}},"type":"cond-expr","locations":[{"start":{"line":38,"column":35},"end":{"line":38,"column":41}},{"start":{"line":38,"column":44},"end":{"line":38,"column":54}}]},"6":{"loc":{"start":{"line":53,"column":15},"end":{"line":53,"column":56}},"type":"cond-expr","locations":[{"start":{"line":53,"column":30},"end":{"line":53,"column":44}},{"start":{"line":53,"column":47},"end":{"line":53,"column":56}}]}},"s":{"0":0,"1":0,"2":0,"3":0,"4":0,"5":0,"6":0,"7":0,"8":0,"9":0,"10":0,"11":0,"12":0,"13":0,"14":0,"15":0,"16":0,"17":0,"18":0,"19":0,"20":0,"21":0,"22":0},"f":{"0":0,"1":0,"2":0,"3":0,"4":0,"5":0,"6":0},"b":{"0":[0,0],"1":[0,0],"2":[0,0],"3":[0,0],"4":[0,0],"5":[0,0],"6":[0,0]}}
,"/Users/viktoria/studying/taskle/taskle/src/components/loader.tsx": {"path":"/Users/viktoria/studying/taskle/taskle/src/components/loader.tsx","statementMap":{"0":{"start":{"line":43,"column":0},"end":{"line":43,"column":24}},"1":{"start":{"line":1,"column":0},"end":{"line":1,"column":29}},"2":{"start":{"line":4,"column":2},"end":{"line":11,"column":null}},"3":{"start":{"line":15,"column":2},"end":{"line":20,"column":null}},"4":{"start":{"line":24,"column":2},"end":{"line":30,"column":null}},"5":{"start":{"line":34,"column":2},"end":{"line":40,"column":null}},"6":{"start":{"line":44,"column":2},"end":{"line":61,"column":null}}},"fnMap":{"0":{"name":"Circle","decl":{"start":{"line":3,"column":9},"end":{"line":3,"column":15}},"loc":{"start":{"line":3,"column":15},"end":{"line":12,"column":1}}},"1":{"name":"HalfCircles","decl":{"start":{"line":14,"column":9},"end":{"line":14,"column":20}},"loc":{"start":{"line":14,"column":20},"end":{"line":21,"column":1}}},"2":{"name":"Lines","decl":{"start":{"line":23,"column":9},"end":{"line":23,"column":14}},"loc":{"start":{"line":23,"column":14},"end":{"line":31,"column":1}}},"3":{"name":"Arrow","decl":{"start":{"line":33,"column":9},"end":{"line":33,"column":14}},"loc":{"start":{"line":33,"column":14},"end":{"line":41,"column":1}}},"4":{"name":"Loader","decl":{"start":{"line":43,"column":24},"end":{"line":43,"column":30}},"loc":{"start":{"line":43,"column":30},"end":{"line":62,"column":1}}}},"branchMap":{},"s":{"0":0,"1":0,"2":0,"3":0,"4":0,"5":0,"6":0},"f":{"0":0,"1":0,"2":0,"3":0,"4":0},"b":{}}
,"/Users/viktoria/studying/taskle/taskle/src/components/logoIcon.tsx": {"path":"/Users/viktoria/studying/taskle/taskle/src/components/logoIcon.tsx","statementMap":{"0":{"start":{"line":3,"column":0},"end":{"line":3,"column":24}},"1":{"start":{"line":4,"column":2},"end":{"line":50,"column":null}}},"fnMap":{"0":{"name":"Logo","decl":{"start":{"line":3,"column":24},"end":{"line":3,"column":28}},"loc":{"start":{"line":3,"column":56},"end":{"line":51,"column":1}}}},"branchMap":{"0":{"loc":{"start":{"line":31,"column":14},"end":{"line":31,"column":51}},"type":"cond-expr","locations":[{"start":{"line":31,"column":34},"end":{"line":31,"column":41}},{"start":{"line":31,"column":44},"end":{"line":31,"column":51}}]},"1":{"loc":{"start":{"line":35,"column":14},"end":{"line":35,"column":51}},"type":"cond-expr","locations":[{"start":{"line":35,"column":34},"end":{"line":35,"column":41}},{"start":{"line":35,"column":44},"end":{"line":35,"column":51}}]},"2":{"loc":{"start":{"line":39,"column":14},"end":{"line":39,"column":51}},"type":"cond-expr","locations":[{"start":{"line":39,"column":34},"end":{"line":39,"column":41}},{"start":{"line":39,"column":44},"end":{"line":39,"column":51}}]},"3":{"loc":{"start":{"line":43,"column":14},"end":{"line":43,"column":51}},"type":"cond-expr","locations":[{"start":{"line":43,"column":34},"end":{"line":43,"column":41}},{"start":{"line":43,"column":44},"end":{"line":43,"column":51}}]},"4":{"loc":{"start":{"line":47,"column":14},"end":{"line":47,"column":51}},"type":"cond-expr","locations":[{"start":{"line":47,"column":34},"end":{"line":47,"column":41}},{"start":{"line":47,"column":44},"end":{"line":47,"column":51}}]}},"s":{"0":0,"1":0},"f":{"0":0},"b":{"0":[0,0],"1":[0,0],"2":[0,0],"3":[0,0],"4":[0,0]}}
,"/Users/viktoria/studying/taskle/taskle/src/components/registrationForm.tsx": {"path":"/Users/viktoria/studying/taskle/taskle/src/components/registrationForm.tsx","statementMap":{"0":{"start":{"line":13,"column":0},"end":{"line":13,"column":24}},"1":{"start":{"line":1,"column":0},"end":{"line":1,"column":32}},"2":{"start":{"line":2,"column":0},"end":{"line":2,"column":68}},"3":{"start":{"line":3,"column":0},"end":{"line":3,"column":37}},"4":{"start":{"line":4,"column":0},"end":{"line":4,"column":37}},"5":{"start":{"line":14,"column":28},"end":{"line":14,"column":48}},"6":{"start":{"line":15,"column":34},"end":{"line":15,"column":54}},"7":{"start":{"line":16,"column":48},"end":{"line":16,"column":68}},"8":{"start":{"line":17,"column":34},"end":{"line":17,"column":49}},"9":{"start":{"line":18,"column":28},"end":{"line":18,"column":47}},"10":{"start":{"line":20,"column":23},"end":{"line":68,"column":null}},"11":{"start":{"line":20,"column":69},"end":{"line":68,"column":null}},"12":{"start":{"line":21,"column":4},"end":{"line":21,"column":null}},"13":{"start":{"line":23,"column":4},"end":{"line":23,"column":null}},"14":{"start":{"line":25,"column":21},"end":{"line":28,"column":null}},"15":{"start":{"line":32,"column":4},"end":{"line":36,"column":5}},"16":{"start":{"line":33,"column":6},"end":{"line":33,"column":null}},"17":{"start":{"line":34,"column":6},"end":{"line":34,"column":null}},"18":{"start":{"line":35,"column":6},"end":{"line":35,"column":12}},"19":{"start":{"line":39,"column":4},"end":{"line":39,"column":null}},"20":{"start":{"line":41,"column":4},"end":{"line":67,"column":5}},"21":{"start":{"line":42,"column":18},"end":{"line":47,"column":8}},"22":{"start":{"line":48,"column":19},"end":{"line":48,"column":35}},"23":{"start":{"line":50,"column":6},"end":{"line":61,"column":7}},"24":{"start":{"line":51,"column":8},"end":{"line":51,"column":null}},"25":{"start":{"line":52,"column":8},"end":{"line":52,"column":null}},"26":{"start":{"line":53,"column":8},"end":{"line":53,"column":null}},"27":{"start":{"line":54,"column":8},"end":{"line":54,"column":null}},"28":{"start":{"line":55,"column":8},"end":{"line":55,"column":null}},"29":{"start":{"line":56,"column":8},"end":{"line":56,"column":null}},"30":{"start":{"line":58,"column":8},"end":{"line":60,"column":null}},"31":{"start":{"line":59,"column":10},"end":{"line":59,"column":null}},"32":{"start":{"line":60,"column":13},"end":{"line":60,"column":null}},"33":{"start":{"line":63,"column":6},"end":{"line":63,"column":null}},"34":{"start":{"line":64,"column":6},"end":{"line":64,"column":null}},"35":{"start":{"line":66,"column":6},"end":{"line":66,"column":null}},"36":{"start":{"line":71,"column":4},"end":{"line":71,"column":9}},"37":{"start":{"line":73,"column":2},"end":{"line":102,"column":null}}},"fnMap":{"0":{"name":"RegistrationForm","decl":{"start":{"line":13,"column":24},"end":{"line":13,"column":40}},"loc":{"start":{"line":13,"column":40},"end":{"line":103,"column":1}}},"1":{"name":"(anonymous_8)","decl":{"start":{"line":20,"column":23},"end":{"line":20,"column":30}},"loc":{"start":{"line":20,"column":69},"end":{"line":68,"column":null}}},"2":{"name":"(anonymous_9)","decl":{"start":{"line":20,"column":69},"end":{"line":20,"column":null}},"loc":{"start":{"line":20,"column":69},"end":{"line":68,"column":3}}}},"branchMap":{"0":{"loc":{"start":{"line":32,"column":4},"end":{"line":36,"column":5}},"type":"if","locations":[{"start":{"line":32,"column":4},"end":{"line":36,"column":5}},{"start":{},"end":{}}]},"1":{"loc":{"start":{"line":50,"column":6},"end":{"line":61,"column":7}},"type":"if","locations":[{"start":{"line":50,"column":6},"end":{"line":61,"column":7}},{"start":{"line":57,"column":13},"end":{"line":61,"column":7}}]},"2":{"loc":{"start":{"line":58,"column":8},"end":{"line":60,"column":null}},"type":"if","locations":[{"start":{"line":58,"column":8},"end":{"line":60,"column":null}},{"start":{"line":60,"column":13},"end":{"line":60,"column":null}}]},"3":{"loc":{"start":{"line":58,"column":12},"end":{"line":58,"column":63}},"type":"binary-expr","locations":[{"start":{"line":58,"column":12},"end":{"line":58,"column":22}},{"start":{"line":58,"column":26},"end":{"line":58,"column":63}}]},"4":{"loc":{"start":{"line":60,"column":32},"end":{"line":60,"column":67}},"type":"binary-expr","locations":[{"start":{"line":60,"column":32},"end":{"line":60,"column":42}},{"start":{"line":60,"column":46},"end":{"line":60,"column":67}}]},"5":{"loc":{"start":{"line":99,"column":9},"end":{"line":99,"column":47}},"type":"cond-expr","locations":[{"start":{"line":99,"column":18},"end":{"line":99,"column":34}},{"start":{"line":99,"column":37},"end":{"line":99,"column":47}}]}},"s":{"0":0,"1":0,"2":0,"3":0,"4":0,"5":0,"6":0,"7":0,"8":0,"9":0,"10":0,"11":0,"12":0,"13":0,"14":0,"15":0,"16":0,"17":0,"18":0,"19":0,"20":0,"21":0,"22":0,"23":0,"24":0,"25":0,"26":0,"27":0,"28":0,"29":0,"30":0,"31":0,"32":0,"33":0,"34":0,"35":0,"36":0,"37":0},"f":{"0":0,"1":0,"2":0},"b":{"0":[0,0],"1":[0,0],"2":[0,0],"3":[0,0],"4":[0,0],"5":[0,0]}}
,"/Users/viktoria/studying/taskle/taskle/src/components/registrationToggle.tsx": {"path":"/Users/viktoria/studying/taskle/taskle/src/components/registrationToggle.tsx","statementMap":{"0":{"start":{"line":7,"column":0},"end":{"line":7,"column":24}},"1":{"start":{"line":1,"column":0},"end":{"line":1,"column":32}},"2":{"start":{"line":2,"column":0},"end":{"line":2,"column":49}},"3":{"start":{"line":3,"column":0},"end":{"line":3,"column":37}},"4":{"start":{"line":4,"column":0},"end":{"line":4,"column":39}},"5":{"start":{"line":5,"column":0},"end":{"line":5,"column":29}},"6":{"start":{"line":8,"column":34},"end":{"line":8,"column":48}},"7":{"start":{"line":9,"column":2},"end":{"line":37,"column":null}},"8":{"start":{"line":22,"column":27},"end":{"line":22,"column":44}},"9":{"start":{"line":28,"column":27},"end":{"line":28,"column":45}}},"fnMap":{"0":{"name":"RegistrationToggle","decl":{"start":{"line":7,"column":24},"end":{"line":7,"column":42}},"loc":{"start":{"line":7,"column":42},"end":{"line":38,"column":1}}},"1":{"name":"(anonymous_1)","decl":{"start":{"line":22,"column":21},"end":{"line":22,"column":24}},"loc":{"start":{"line":22,"column":27},"end":{"line":22,"column":44}}},"2":{"name":"(anonymous_2)","decl":{"start":{"line":28,"column":21},"end":{"line":28,"column":24}},"loc":{"start":{"line":28,"column":27},"end":{"line":28,"column":45}}}},"branchMap":{"0":{"loc":{"start":{"line":17,"column":25},"end":{"line":17,"column":73}},"type":"cond-expr","locations":[{"start":{"line":17,"column":36},"end":{"line":17,"column":52}},{"start":{"line":17,"column":55},"end":{"line":17,"column":73}}]},"1":{"loc":{"start":{"line":21,"column":23},"end":{"line":21,"column":47}},"type":"cond-expr","locations":[{"start":{"line":21,"column":34},"end":{"line":21,"column":42}},{"start":{"line":21,"column":45},"end":{"line":21,"column":47}}]},"2":{"loc":{"start":{"line":27,"column":23},"end":{"line":27,"column":48}},"type":"cond-expr","locations":[{"start":{"line":27,"column":35},"end":{"line":27,"column":43}},{"start":{"line":27,"column":46},"end":{"line":27,"column":48}}]},"3":{"loc":{"start":{"line":33,"column":9},"end":{"line":33,"column":42}},"type":"binary-expr","locations":[{"start":{"line":33,"column":9},"end":{"line":33,"column":18}},{"start":{"line":33,"column":22},"end":{"line":33,"column":42}}]},"4":{"loc":{"start":{"line":34,"column":9},"end":{"line":34,"column":35}},"type":"binary-expr","locations":[{"start":{"line":34,"column":9},"end":{"line":34,"column":17}},{"start":{"line":34,"column":21},"end":{"line":34,"column":35}}]}},"s":{"0":0,"1":0,"2":0,"3":0,"4":0,"5":0,"6":0,"7":0,"8":0,"9":0},"f":{"0":0,"1":0,"2":0},"b":{"0":[0,0],"1":[0,0],"2":[0,0],"3":[0,0],"4":[0,0]}}
,"/Users/viktoria/studying/taskle/taskle/src/components/signInForm.tsx": {"path":"/Users/viktoria/studying/taskle/taskle/src/components/signInForm.tsx","statementMap":{"0":{"start":{"line":8,"column":0},"end":{"line":8,"column":24}},"1":{"start":{"line":1,"column":0},"end":{"line":1,"column":64}},"2":{"start":{"line":2,"column":0},"end":{"line":2,"column":37}},"3":{"start":{"line":4,"column":0},"end":{"line":4,"column":42}},"4":{"start":{"line":5,"column":0},"end":{"line":5,"column":62}},"5":{"start":{"line":6,"column":0},"end":{"line":6,"column":37}},"6":{"start":{"line":9,"column":28},"end":{"line":9,"column":48}},"7":{"start":{"line":10,"column":34},"end":{"line":10,"column":54}},"8":{"start":{"line":11,"column":28},"end":{"line":11,"column":47}},"9":{"start":{"line":12,"column":34},"end":{"line":12,"column":49}},"10":{"start":{"line":13,"column":36},"end":{"line":13,"column":51}},"11":{"start":{"line":15,"column":26},"end":{"line":15,"column":35}},"12":{"start":{"line":17,"column":19},"end":{"line":17,"column":49}},"13":{"start":{"line":18,"column":22},"end":{"line":18,"column":52}},"14":{"start":{"line":20,"column":26},"end":{"line":26,"column":36}},"15":{"start":{"line":21,"column":4},"end":{"line":25,"column":5}},"16":{"start":{"line":22,"column":6},"end":{"line":22,"column":null}},"17":{"start":{"line":23,"column":11},"end":{"line":25,"column":5}},"18":{"start":{"line":24,"column":6},"end":{"line":24,"column":null}},"19":{"start":{"line":28,"column":2},"end":{"line":35,"column":null}},"20":{"start":{"line":29,"column":4},"end":{"line":34,"column":5}},"21":{"start":{"line":30,"column":6},"end":{"line":30,"column":null}},"22":{"start":{"line":31,"column":6},"end":{"line":31,"column":null}},"23":{"start":{"line":31,"column":23},"end":{"line":31,"column":42}},"24":{"start":{"line":33,"column":6},"end":{"line":33,"column":null}},"25":{"start":{"line":33,"column":23},"end":{"line":33,"column":40}},"26":{"start":{"line":37,"column":23},"end":{"line":77,"column":null}},"27":{"start":{"line":37,"column":69},"end":{"line":77,"column":null}},"28":{"start":{"line":38,"column":4},"end":{"line":38,"column":null}},"29":{"start":{"line":39,"column":4},"end":{"line":39,"column":null}},"30":{"start":{"line":41,"column":21},"end":{"line":41,"column":58}},"31":{"start":{"line":43,"column":4},"end":{"line":47,"column":5}},"32":{"start":{"line":44,"column":6},"end":{"line":44,"column":null}},"33":{"start":{"line":45,"column":6},"end":{"line":45,"column":null}},"34":{"start":{"line":46,"column":6},"end":{"line":46,"column":12}},"35":{"start":{"line":49,"column":4},"end":{"line":76,"column":5}},"36":{"start":{"line":50,"column":18},"end":{"line":55,"column":8}},"37":{"start":{"line":57,"column":19},"end":{"line":57,"column":35}},"38":{"start":{"line":58,"column":6},"end":{"line":58,"column":null}},"39":{"start":{"line":60,"column":6},"end":{"line":70,"column":7}},"40":{"start":{"line":61,"column":8},"end":{"line":61,"column":null}},"41":{"start":{"line":62,"column":8},"end":{"line":62,"column":null}},"42":{"start":{"line":63,"column":8},"end":{"line":63,"column":null}},"43":{"start":{"line":64,"column":8},"end":{"line":64,"column":null}},"44":{"start":{"line":67,"column":8},"end":{"line":69,"column":null}},"45":{"start":{"line":68,"column":10},"end":{"line":68,"column":null}},"46":{"start":{"line":69,"column":13},"end":{"line":69,"column":null}},"47":{"start":{"line":72,"column":6},"end":{"line":72,"column":null}},"48":{"start":{"line":73,"column":6},"end":{"line":73,"column":null}},"49":{"start":{"line":75,"column":6},"end":{"line":75,"column":null}},"50":{"start":{"line":79,"column":52},"end":{"line":79,"column":57}},"51":{"start":{"line":80,"column":25},"end":{"line":82,"column":4}},"52":{"start":{"line":84,"column":2},"end":{"line":108,"column":null}}},"fnMap":{"0":{"name":"SignInform","decl":{"start":{"line":8,"column":24},"end":{"line":8,"column":34}},"loc":{"start":{"line":8,"column":34},"end":{"line":109,"column":1}}},"1":{"name":"(anonymous_8)","decl":{"start":{"line":20,"column":38},"end":{"line":20,"column":41}},"loc":{"start":{"line":20,"column":43},"end":{"line":26,"column":3}}},"2":{"name":"(anonymous_9)","decl":{"start":{"line":28,"column":12},"end":{"line":28,"column":15}},"loc":{"start":{"line":28,"column":17},"end":{"line":35,"column":3}}},"3":{"name":"(anonymous_10)","decl":{"start":{"line":31,"column":17},"end":{"line":31,"column":20}},"loc":{"start":{"line":31,"column":23},"end":{"line":31,"column":42}}},"4":{"name":"(anonymous_11)","decl":{"start":{"line":33,"column":17},"end":{"line":33,"column":20}},"loc":{"start":{"line":33,"column":23},"end":{"line":33,"column":40}}},"5":{"name":"(anonymous_12)","decl":{"start":{"line":37,"column":23},"end":{"line":37,"column":30}},"loc":{"start":{"line":37,"column":69},"end":{"line":77,"column":null}}},"6":{"name":"(anonymous_13)","decl":{"start":{"line":37,"column":69},"end":{"line":37,"column":null}},"loc":{"start":{"line":37,"column":69},"end":{"line":77,"column":3}}}},"branchMap":{"0":{"loc":{"start":{"line":21,"column":4},"end":{"line":25,"column":5}},"type":"if","locations":[{"start":{"line":21,"column":4},"end":{"line":25,"column":5}},{"start":{"line":23,"column":11},"end":{"line":25,"column":5}}]},"1":{"loc":{"start":{"line":21,"column":8},"end":{"line":21,"column":46}},"type":"binary-expr","locations":[{"start":{"line":21,"column":8},"end":{"line":21,"column":26}},{"start":{"line":21,"column":30},"end":{"line":21,"column":46}}]},"2":{"loc":{"start":{"line":23,"column":11},"end":{"line":25,"column":5}},"type":"if","locations":[{"start":{"line":23,"column":11},"end":{"line":25,"column":5}},{"start":{},"end":{}}]},"3":{"loc":{"start":{"line":23,"column":15},"end":{"line":23,"column":59}},"type":"binary-expr","locations":[{"start":{"line":23,"column":15},"end":{"line":23,"column":36}},{"start":{"line":23,"column":40},"end":{"line":23,"column":59}}]},"4":{"loc":{"start":{"line":29,"column":4},"end":{"line":34,"column":5}},"type":"if","locations":[{"start":{"line":29,"column":4},"end":{"line":34,"column":5}},{"start":{},"end":{}}]},"5":{"loc":{"start":{"line":43,"column":4},"end":{"line":47,"column":5}},"type":"if","locations":[{"start":{"line":43,"column":4},"end":{"line":47,"column":5}},{"start":{},"end":{}}]},"6":{"loc":{"start":{"line":60,"column":6},"end":{"line":70,"column":7}},"type":"if","locations":[{"start":{"line":60,"column":6},"end":{"line":70,"column":7}},{"start":{"line":65,"column":13},"end":{"line":70,"column":7}}]},"7":{"loc":{"start":{"line":67,"column":8},"end":{"line":69,"column":null}},"type":"if","locations":[{"start":{"line":67,"column":8},"end":{"line":69,"column":null}},{"start":{"line":69,"column":13},"end":{"line":69,"column":null}}]},"8":{"loc":{"start":{"line":67,"column":12},"end":{"line":67,"column":74}},"type":"binary-expr","locations":[{"start":{"line":67,"column":12},"end":{"line":67,"column":22}},{"start":{"line":67,"column":26},"end":{"line":67,"column":74}}]},"9":{"loc":{"start":{"line":69,"column":32},"end":{"line":69,"column":69}},"type":"binary-expr","locations":[{"start":{"line":69,"column":32},"end":{"line":69,"column":42}},{"start":{"line":69,"column":46},"end":{"line":69,"column":69}}]},"10":{"loc":{"start":{"line":80,"column":28},"end":{"line":80,"column":53}},"type":"cond-expr","locations":[{"start":{"line":80,"column":37},"end":{"line":80,"column":48}},{"start":{"line":80,"column":51},"end":{"line":80,"column":53}}]},"11":{"loc":{"start":{"line":81,"column":4},"end":{"line":81,"column":null}},"type":"cond-expr","locations":[{"start":{"line":81,"column":16},"end":{"line":81,"column":28}},{"start":{"line":81,"column":31},"end":{"line":81,"column":null}}]},"12":{"loc":{"start":{"line":105,"column":9},"end":{"line":105,"column":44}},"type":"cond-expr","locations":[{"start":{"line":105,"column":18},"end":{"line":105,"column":33}},{"start":{"line":105,"column":36},"end":{"line":105,"column":44}}]}},"s":{"0":0,"1":0,"2":0,"3":0,"4":0,"5":0,"6":0,"7":0,"8":0,"9":0,"10":0,"11":0,"12":0,"13":0,"14":0,"15":0,"16":0,"17":0,"18":0,"19":0,"20":0,"21":0,"22":0,"23":0,"24":0,"25":0,"26":0,"27":0,"28":0,"29":0,"30":0,"31":0,"32":0,"33":0,"34":0,"35":0,"36":0,"37":0,"38":0,"39":0,"40":0,"41":0,"42":0,"43":0,"44":0,"45":0,"46":0,"47":0,"48":0,"49":0,"50":0,"51":0,"52":0},"f":{"0":0,"1":0,"2":0,"3":0,"4":0,"5":0,"6":0},"b":{"0":[0,0],"1":[0,0],"2":[0,0],"3":[0,0],"4":[0,0],"5":[0,0],"6":[0,0],"7":[0,0],"8":[0,0],"9":[0,0],"10":[0,0],"11":[0,0],"12":[0,0]}}
,"/Users/viktoria/studying/taskle/taskle/src/context/authContext.tsx": {"path":"/Users/viktoria/studying/taskle/taskle/src/context/authContext.tsx","statementMap":{"0":{"start":{"line":1,"column":0},"end":{"line":1,"column":74}},"1":{"start":{"line":29,"column":20},"end":{"line":29,"column":73}},"2":{"start":{"line":31,"column":28},"end":{"line":86,"column":1}},"3":{"start":{"line":32,"column":26},"end":{"line":32,"column":53}},"4":{"start":{"line":33,"column":32},"end":{"line":33,"column":46}},"5":{"start":{"line":35,"column":20},"end":{"line":52,"column":null}},"6":{"start":{"line":35,"column":31},"end":{"line":52,"column":null}},"7":{"start":{"line":36,"column":4},"end":{"line":51,"column":5}},"8":{"start":{"line":37,"column":6},"end":{"line":37,"column":null}},"9":{"start":{"line":38,"column":18},"end":{"line":41,"column":8}},"10":{"start":{"line":42,"column":6},"end":{"line":45,"column":null}},"11":{"start":{"line":43,"column":21},"end":{"line":43,"column":37}},"12":{"start":{"line":44,"column":8},"end":{"line":44,"column":null}},"13":{"start":{"line":45,"column":13},"end":{"line":45,"column":null}},"14":{"start":{"line":47,"column":6},"end":{"line":47,"column":null}},"15":{"start":{"line":48,"column":6},"end":{"line":48,"column":null}},"16":{"start":{"line":50,"column":6},"end":{"line":50,"column":null}},"17":{"start":{"line":54,"column":17},"end":{"line":68,"column":null}},"18":{"start":{"line":54,"column":28},"end":{"line":68,"column":null}},"19":{"start":{"line":55,"column":4},"end":{"line":67,"column":5}},"20":{"start":{"line":56,"column":18},"end":{"line":59,"column":8}},"21":{"start":{"line":60,"column":6},"end":{"line":63,"column":7}},"22":{"start":{"line":61,"column":8},"end":{"line":61,"column":null}},"23":{"start":{"line":62,"column":8},"end":{"line":62,"column":14}},"24":{"start":{"line":64,"column":6},"end":{"line":64,"column":null}},"25":{"start":{"line":66,"column":6},"end":{"line":66,"column":null}},"26":{"start":{"line":70,"column":2},"end":{"line":72,"column":null}},"27":{"start":{"line":71,"column":4},"end":{"line":71,"column":null}},"28":{"start":{"line":74,"column":2},"end":{"line":85,"column":null}},"29":{"start":{"line":31,"column":13},"end":{"line":31,"column":28}},"30":{"start":{"line":88,"column":0},"end":{"line":88,"column":null}}},"fnMap":{"0":{"name":"(anonymous_7)","decl":{"start":{"line":31,"column":28},"end":{"line":31,"column":29}},"loc":{"start":{"line":31,"column":70},"end":{"line":86,"column":1}}},"1":{"name":"(anonymous_8)","decl":{"start":{"line":35,"column":20},"end":{"line":35,"column":29}},"loc":{"start":{"line":35,"column":31},"end":{"line":52,"column":null}}},"2":{"name":"(anonymous_9)","decl":{"start":{"line":35,"column":31},"end":{"line":35,"column":null}},"loc":{"start":{"line":35,"column":31},"end":{"line":52,"column":3}}},"3":{"name":"(anonymous_10)","decl":{"start":{"line":54,"column":17},"end":{"line":54,"column":26}},"loc":{"start":{"line":54,"column":28},"end":{"line":68,"column":null}}},"4":{"name":"(anonymous_11)","decl":{"start":{"line":54,"column":28},"end":{"line":54,"column":null}},"loc":{"start":{"line":54,"column":28},"end":{"line":68,"column":3}}},"5":{"name":"(anonymous_12)","decl":{"start":{"line":70,"column":12},"end":{"line":70,"column":15}},"loc":{"start":{"line":70,"column":17},"end":{"line":72,"column":3}}}},"branchMap":{"0":{"loc":{"start":{"line":42,"column":6},"end":{"line":45,"column":null}},"type":"if","locations":[{"start":{"line":42,"column":6},"end":{"line":45,"column":null}},{"start":{"line":45,"column":13},"end":{"line":45,"column":null}}]},"1":{"loc":{"start":{"line":60,"column":6},"end":{"line":63,"column":7}},"type":"if","locations":[{"start":{"line":60,"column":6},"end":{"line":63,"column":7}},{"start":{},"end":{}}]}},"s":{"0":0,"1":0,"2":0,"3":0,"4":0,"5":0,"6":0,"7":0,"8":0,"9":0,"10":0,"11":0,"12":0,"13":0,"14":0,"15":0,"16":0,"17":0,"18":0,"19":0,"20":0,"21":0,"22":0,"23":0,"24":0,"25":0,"26":0,"27":0,"28":0,"29":0,"30":0},"f":{"0":0,"1":0,"2":0,"3":0,"4":0,"5":0},"b":{"0":[0,0],"1":[0,0]}}
,"/Users/viktoria/studying/taskle/taskle/src/hooks/useAuth.ts": {"path":"/Users/viktoria/studying/taskle/taskle/src/hooks/useAuth.ts","statementMap":{"0":{"start":{"line":4,"column":0},"end":{"line":4,"column":16}},"1":{"start":{"line":1,"column":0},"end":{"line":1,"column":34}},"2":{"start":{"line":2,"column":0},"end":{"line":2,"column":48}},"3":{"start":{"line":5,"column":18},"end":{"line":5,"column":41}},"4":{"start":{"line":6,"column":2},"end":{"line":6,"column":null}},"5":{"start":{"line":6,"column":16},"end":{"line":6,"column":null}},"6":{"start":{"line":7,"column":2},"end":{"line":7,"column":null}}},"fnMap":{"0":{"name":"useAuth","decl":{"start":{"line":4,"column":16},"end":{"line":4,"column":23}},"loc":{"start":{"line":4,"column":23},"end":{"line":8,"column":1}}}},"branchMap":{"0":{"loc":{"start":{"line":6,"column":2},"end":{"line":6,"column":null}},"type":"if","locations":[{"start":{"line":6,"column":2},"end":{"line":6,"column":null}},{"start":{},"end":{}}]}},"s":{"0":0,"1":0,"2":0,"3":0,"4":0,"5":0,"6":0},"f":{"0":0},"b":{"0":[0,0]}}
,"/Users/viktoria/studying/taskle/taskle/src/utils/Formvalidation.tsx": {"path":"/Users/viktoria/studying/taskle/taskle/src/utils/Formvalidation.tsx","statementMap":{"0":{"start":{"line":3,"column":0},"end":{"line":3,"column":16}},"1":{"start":{"line":10,"column":0},"end":{"line":10,"column":16}},"2":{"start":{"line":24,"column":0},"end":{"line":24,"column":16}},"3":{"start":{"line":35,"column":0},"end":{"line":35,"column":16}},"4":{"start":{"line":49,"column":0},"end":{"line":49,"column":16}},"5":{"start":{"line":4,"column":21},"end":{"line":4,"column":70}},"6":{"start":{"line":5,"column":2},"end":{"line":7,"column":null}},"7":{"start":{"line":5,"column":31},"end":{"line":5,"column":null}},"8":{"start":{"line":6,"column":7},"end":{"line":7,"column":null}},"9":{"start":{"line":7,"column":4},"end":{"line":7,"column":null}},"10":{"start":{"line":16,"column":4},"end":{"line":16,"column":70}},"11":{"start":{"line":17,"column":2},"end":{"line":21,"column":null}},"12":{"start":{"line":18,"column":4},"end":{"line":18,"column":null}},"13":{"start":{"line":19,"column":7},"end":{"line":21,"column":null}},"14":{"start":{"line":20,"column":4},"end":{"line":21,"column":null}},"15":{"start":{"line":29,"column":2},"end":{"line":32,"column":null}},"16":{"start":{"line":30,"column":4},"end":{"line":30,"column":null}},"17":{"start":{"line":31,"column":7},"end":{"line":32,"column":null}},"18":{"start":{"line":32,"column":4},"end":{"line":32,"column":null}},"19":{"start":{"line":40,"column":26},"end":{"line":40,"column":28}},"20":{"start":{"line":42,"column":2},"end":{"line":42,"column":null}},"21":{"start":{"line":43,"column":2},"end":{"line":43,"column":null}},"22":{"start":{"line":44,"column":2},"end":{"line":44,"column":null}},"23":{"start":{"line":46,"column":2},"end":{"line":46,"column":null}},"24":{"start":{"line":50,"column":26},"end":{"line":50,"column":28}},"25":{"start":{"line":52,"column":2},"end":{"line":52,"column":null}},"26":{"start":{"line":53,"column":2},"end":{"line":53,"column":null}},"27":{"start":{"line":55,"column":2},"end":{"line":55,"column":null}}},"fnMap":{"0":{"name":"EmailValidation","decl":{"start":{"line":3,"column":16},"end":{"line":3,"column":31}},"loc":{"start":{"line":3,"column":60},"end":{"line":8,"column":1}}},"1":{"name":"PasswordValidation","decl":{"start":{"line":10,"column":16},"end":{"line":10,"column":34}},"loc":{"start":{"line":13,"column":16},"end":{"line":22,"column":1}}},"2":{"name":"ConfirmPasswordValidation","decl":{"start":{"line":24,"column":16},"end":{"line":24,"column":41}},"loc":{"start":{"line":27,"column":15},"end":{"line":33,"column":1}}},"3":{"name":"RegistrationFormValidation","decl":{"start":{"line":35,"column":16},"end":{"line":35,"column":42}},"loc":{"start":{"line":38,"column":25},"end":{"line":47,"column":1}}},"4":{"name":"SignInFormValidation","decl":{"start":{"line":49,"column":16},"end":{"line":49,"column":36}},"loc":{"start":{"line":49,"column":68},"end":{"line":56,"column":1}}}},"branchMap":{"0":{"loc":{"start":{"line":5,"column":2},"end":{"line":7,"column":null}},"type":"if","locations":[{"start":{"line":5,"column":2},"end":{"line":7,"column":null}},{"start":{"line":6,"column":7},"end":{"line":7,"column":null}}]},"1":{"loc":{"start":{"line":5,"column":6},"end":{"line":5,"column":29}},"type":"binary-expr","locations":[{"start":{"line":5,"column":6},"end":{"line":5,"column":12}},{"start":{"line":5,"column":16},"end":{"line":5,"column":29}}]},"2":{"loc":{"start":{"line":6,"column":7},"end":{"line":7,"column":null}},"type":"if","locations":[{"start":{"line":6,"column":7},"end":{"line":7,"column":null}},{"start":{},"end":{}}]},"3":{"loc":{"start":{"line":17,"column":2},"end":{"line":21,"column":null}},"type":"if","locations":[{"start":{"line":17,"column":2},"end":{"line":21,"column":null}},{"start":{"line":19,"column":7},"end":{"line":21,"column":null}}]},"4":{"loc":{"start":{"line":17,"column":6},"end":{"line":17,"column":35}},"type":"binary-expr","locations":[{"start":{"line":17,"column":6},"end":{"line":17,"column":15}},{"start":{"line":17,"column":19},"end":{"line":17,"column":35}}]},"5":{"loc":{"start":{"line":19,"column":7},"end":{"line":21,"column":null}},"type":"if","locations":[{"start":{"line":19,"column":7},"end":{"line":21,"column":null}},{"start":{},"end":{}}]},"6":{"loc":{"start":{"line":19,"column":11},"end":{"line":19,"column":51}},"type":"binary-expr","locations":[{"start":{"line":19,"column":11},"end":{"line":19,"column":17}},{"start":{"line":19,"column":21},"end":{"line":19,"column":51}}]},"7":{"loc":{"start":{"line":29,"column":2},"end":{"line":32,"column":null}},"type":"if","locations":[{"start":{"line":29,"column":2},"end":{"line":32,"column":null}},{"start":{"line":31,"column":7},"end":{"line":32,"column":null}}]},"8":{"loc":{"start":{"line":29,"column":6},"end":{"line":29,"column":49}},"type":"binary-expr","locations":[{"start":{"line":29,"column":6},"end":{"line":29,"column":22}},{"start":{"line":29,"column":26},"end":{"line":29,"column":49}}]},"9":{"loc":{"start":{"line":31,"column":7},"end":{"line":32,"column":null}},"type":"if","locations":[{"start":{"line":31,"column":7},"end":{"line":32,"column":null}},{"start":{},"end":{}}]}},"s":{"0":1,"1":1,"2":1,"3":1,"4":1,"5":27,"6":27,"7":4,"8":23,"9":9,"10":30,"11":30,"12":6,"13":24,"14":11,"15":10,"16":3,"17":7,"18":3,"19":6,"20":6,"21":6,"22":6,"23":6,"24":4,"25":4,"26":4,"27":4},"f":{"0":27,"1":30,"2":10,"3":6,"4":4},"b":{"0":[4,23],"1":[27,24],"2":[9,14],"3":[6,24],"4":[30,26],"5":[11,13],"6":[24,20],"7":[3,7],"8":[10,8],"9":[3,4]}}
}
